Project Hyphearia
Using Project Folder C:/Users/XTC/Documents/GitHub/Hyphearia
Using Engine Folder C:\Program Files (x86)\Crytek\CRYENGINE Launcher\Crytek\CRYENGINE_5.4\
Using Asset Folder C:/Users/XTC/Documents/GitHub/Hyphearia/Assets

Total number of logical processors: 4
Number of available logical processors: 4
Total number of system cores: 4
Number of cores available to process: 4
 
Processor 0:
  CPU: Intel Intel(R) Core(TM) i5 CPU         750  @ 2.67GHz
  Family: 6, Model: 14, Stepping: 5
  FPU: On-Chip
  Features: SSE, SSE2, SSE3, SSE4.2
  Serial number not present or disabled
 
Processor 1:
  CPU: Intel Intel(R) Core(TM) i5 CPU         750  @ 2.67GHz
  Family: 6, Model: 14, Stepping: 5
  FPU: On-Chip
  Features: SSE, SSE2, SSE3, SSE4.2
  Serial number not present or disabled
 
Processor 2:
  CPU: Intel Intel(R) Core(TM) i5 CPU         750  @ 2.67GHz
  Family: 6, Model: 14, Stepping: 5
  FPU: On-Chip
  Features: SSE, SSE2, SSE3, SSE4.2
  Serial number not present or disabled
 
Processor 3:
  CPU: Intel Intel(R) Core(TM) i5 CPU         750  @ 2.67GHz
  Family: 6, Model: 14, Stepping: 5
  FPU: On-Chip
  Features: SSE, SSE2, SSE3, SSE4.2
  Serial number not present or disabled
 
<22:43:10> creating CVarGroups from directory 'assets/Config/CVarGroups' ...
<22:43:10> creating CVarGroups from directory 'Config/CVarGroups' ...
<22:43:10> Loading Config file Config/CVarGroups/sys_spec_full.cfg (c:\program files (x86)\crytek\cryengine launcher\crytek\cryengine_5.4\engine\config\cvargroups\sys_spec_full.cfg)
<22:43:10> Loading Config file Config/CVarGroups/sys_spec_gameeffects.cfg (c:\program files (x86)\crytek\cryengine launcher\crytek\cryengine_5.4\engine\config\cvargroups\sys_spec_gameeffects.cfg)
<22:43:10> Loading Config file Config/CVarGroups/sys_spec_light.cfg (c:\program files (x86)\crytek\cryengine launcher\crytek\cryengine_5.4\engine\config\cvargroups\sys_spec_light.cfg)
<22:43:10> Loading Config file Config/CVarGroups/sys_spec_objectdetail.cfg (c:\program files (x86)\crytek\cryengine launcher\crytek\cryengine_5.4\engine\config\cvargroups\sys_spec_objectdetail.cfg)
<22:43:10> Loading Config file Config/CVarGroups/sys_spec_particles.cfg (c:\program files (x86)\crytek\cryengine launcher\crytek\cryengine_5.4\engine\config\cvargroups\sys_spec_particles.cfg)
<22:43:10> Loading Config file Config/CVarGroups/sys_spec_physics.cfg (c:\program files (x86)\crytek\cryengine launcher\crytek\cryengine_5.4\engine\config\cvargroups\sys_spec_physics.cfg)
<22:43:10> Loading Config file Config/CVarGroups/sys_spec_postprocessing.cfg (c:\program files (x86)\crytek\cryengine launcher\crytek\cryengine_5.4\engine\config\cvargroups\sys_spec_postprocessing.cfg)
<22:43:10> Loading Config file Config/CVarGroups/sys_spec_quality.cfg (c:\program files (x86)\crytek\cryengine launcher\crytek\cryengine_5.4\engine\config\cvargroups\sys_spec_quality.cfg)
<22:43:10> Loading Config file Config/CVarGroups/sys_spec_shading.cfg (c:\program files (x86)\crytek\cryengine launcher\crytek\cryengine_5.4\engine\config\cvargroups\sys_spec_shading.cfg)
<22:43:10> Loading Config file Config/CVarGroups/sys_spec_shadows.cfg (c:\program files (x86)\crytek\cryengine launcher\crytek\cryengine_5.4\engine\config\cvargroups\sys_spec_shadows.cfg)
<22:43:10> Loading Config file Config/CVarGroups/sys_spec_sound.cfg (c:\program files (x86)\crytek\cryengine launcher\crytek\cryengine_5.4\engine\config\cvargroups\sys_spec_sound.cfg)
<22:43:10> Loading Config file Config/CVarGroups/sys_spec_texture.cfg (c:\program files (x86)\crytek\cryengine launcher\crytek\cryengine_5.4\engine\config\cvargroups\sys_spec_texture.cfg)
<22:43:10> Loading Config file Config/CVarGroups/sys_spec_textureresolution.cfg (c:\program files (x86)\crytek\cryengine launcher\crytek\cryengine_5.4\engine\config\cvargroups\sys_spec_textureresolution.cfg)
<22:43:10> Loading Config file Config/CVarGroups/sys_spec_volumetriceffects.cfg (c:\program files (x86)\crytek\cryengine launcher\crytek\cryengine_5.4\engine\config\cvargroups\sys_spec_volumetriceffects.cfg)
<22:43:10> Loading Config file Config/CVarGroups/sys_spec_water.cfg (c:\program files (x86)\crytek\cryengine launcher\crytek\cryengine_5.4\engine\config\cvargroups\sys_spec_water.cfg)
<22:43:10> [Warning] <ThreadConfigInfo>: Active platform identifier string "pc" not found in config "%engine%/config/engine_core.thread_config".
<22:43:10> [Warning] <ThreadConfigInfo>: Active platform identifier string "pc" not found in config "%engine%/config/engine_sandbox.thread_config".
<22:43:10> Windows 10 64 bit (build 10.0.15063)
<22:43:10> User name: "XTC"
<22:43:10> System language: German
<22:43:10> Windows Directory: "C:\WINDOWS"
<22:43:10> Local time is 22:43:10 10/18/17, system running for 10308 minutes
<22:43:10> 16376MB physical memory installed, 11884MB available, 134217727MB virtual memory installed, 27 percent of memory in use
<22:43:10> PageFile usage: 43MB, Working Set: 51MB, Peak PageFile usage: 43MB,
<22:43:10> Current display mode is 1920x1080x32, (Unknown graphics card)
<22:43:10> IBM enhanced (101/102-key) keyboard and 16+ button mouse installed
<22:43:10> --------------------------------------------------------------------------------
<22:43:10> [Warning] Config file %USER%/game.cfg not found!
<22:43:10> Loading Config file system.cfg (c:\program files (x86)\crytek\cryengine launcher\crytek\cryengine_5.4\system.cfg)
<22:43:10> [Warning] Config file user.cfg not found!
<22:43:10> Stream Engine Initialization
<22:43:10> BuildTime: Sep 20 2017 16:39:13
<22:43:10> Physics initialization
<22:43:10> Loading Module CryPhysics.dll...
<22:43:10> Initializing CryPhysics done, MemUsage=816Kb
<22:43:10> [Warning] Cannot open Pak file assets\localization\english_xml.pak
<22:43:10> Localized language content(english) not available or modified from the original installation.
<22:43:10> [Warning] Cannot open Pak file assets\localization\english.pak
<22:43:10> Localized language content(english) not available or modified from the original installation.
<22:43:10> [Warning] Cannot open Pak file assets\localization\english.pak
<22:43:10> Localized language content(english) not available or modified from the original installation.
<22:43:10> [Error] <Localization> No localization files found!
<22:43:10> <Audio>: AudioSystem initialization
<22:43:10> Loading Module CryAudioSystem.dll...
<22:43:11> <Audio> <0.697>: CryAudioImplSDLMixer loaded
<22:43:11> Initializing CryAudioSystem done, MemUsage=4948Kb
<22:43:11> Renderer initialization
<22:43:11> Logging video adapters:
<22:43:11> - NVIDIA GeForce GTX 770 (vendor = 0x10de, device = 0x1184)
<22:43:11>   - Adapter index: 0
<22:43:11>   - Dedicated video memory: 4063 MB
<22:43:11>   - Feature level: D3D 11_0 (SM 5.0)
<22:43:11>   - Displays connected: yes
<22:43:11>   - Suitable rendering device: yes
<22:43:11> - Microsoft Basic Render Driver (vendor = 0x1414, device = 0x008c)
<22:43:11>   - Adapter index: 1
<22:43:11>   - Dedicated video memory: 0 MB
<22:43:11>   - Feature level: D3D 11_1 (SM 5.x)
<22:43:11>   - Displays connected: no
<22:43:11>   - Suitable rendering device: no
<22:43:11> Loading Module CryRenderD3D11.dll...
<22:43:11> CRenderer sizeof(Vec2f16)=4 sizeof(Vec3f16)=8
<22:43:11> Initializing CryRenderD3D11 done, MemUsage=3144Kb
<22:43:11> Initializing Direct3D and creating game window:
<22:43:11> Direct3D driver is creating...
<22:43:11> Crytek Direct3D driver version 3.00 (Sep 20 2017 <16:40:13>)
<22:43:11> Creating window called 'Hyphearia' (1280x678)
<22:43:11> D3D Adapter: Description: NVIDIA GeForce GTX 770
<22:43:11> D3D Adapter: Driver version (UMD): 0.00.00.0000
<22:43:11> D3D Adapter: VendorId = 0x10DE
<22:43:11> D3D Adapter: DeviceId = 0x1184
<22:43:11> D3D Adapter: SubSysId = 0x118410B0
<22:43:11> D3D Adapter: Revision = 161
<22:43:11> NVAPI: API init ok (0)
<22:43:11> NVAPI: Single GPU system
<22:43:11> NVDBT supported
<22:43:11> D3D Detected: NVIDIA video card
<22:43:11> Active GPUs: 1
<22:43:11> Using pixel texture formats:
<22:43:11>   R8G8B8A8S, mips, RT (blendable) (multi-sampled), sample, gather
<22:43:11>   R8G8B8A8, mips, sRGB, RT (blendable) (multi-sampled), sample, gather
<22:43:11>   A8, mips, RT (blendable) (multi-sampled), sample, gather
<22:43:11>   R8, mips, RT (blendable) (multi-sampled), sample, gather
<22:43:11>   R8S, mips, RT (blendable) (multi-sampled), sample, gather
<22:43:11>   R16, mips, RT (blendable) (multi-sampled), sample (comparable), gather (comparable)
<22:43:11>   R16S, mips, RT (blendable) (multi-sampled), sample, gather
<22:43:11>   R16F, mips, RT (blendable) (multi-sampled), sample, gather
<22:43:11>   R32F, mips, RT (blendable) (multi-sampled), sample (comparable), gather (comparable)
<22:43:11>   R8G8, mips, RT (blendable) (multi-sampled), sample, gather
<22:43:11>   R8G8S, mips, RT (blendable) (multi-sampled), sample, gather
<22:43:11>   R16G16, mips, RT (blendable) (multi-sampled), sample, gather
<22:43:11>   R16G16S, mips, RT (blendable) (multi-sampled), sample, gather
<22:43:11>   R16G16F, mips, RT (blendable) (multi-sampled), sample, gather
<22:43:11>   R32G32F, mips, RT (blendable) (multi-sampled), sample, gather
<22:43:11>   R11G11B10F, mips, RT (blendable) (multi-sampled), sample, gather
<22:43:11>   R10G10B10A2, mips, RT (blendable) (multi-sampled), sample, gather
<22:43:11>   R16G16B16A16, mips, RT (blendable) (multi-sampled), sample, gather
<22:43:11>   R16G16B16A16S, mips, RT (blendable) (multi-sampled), sample, gather
<22:43:11>   R16G16B16A16F, mips, RT (blendable) (multi-sampled), sample, gather
<22:43:11>   R32G32B32A32F, mips, RT (blendable) (multi-sampled), sample, gather
<22:43:11>   BC1, mips, sRGB, sample, gather
<22:43:11>   BC2, mips, sRGB, sample, gather
<22:43:11>   BC3, mips, sRGB, sample, gather
<22:43:11>   BC4, mips, sample, gather
<22:43:11>   BC4S, mips, sample, gather
<22:43:11>   BC5, mips, sample, gather
<22:43:11>   BC5S, mips, sample, gather
<22:43:11>   BC6UH, mips, sample, gather
<22:43:11>   BC6SH, mips, sample, gather
<22:43:11>   BC7, mips, sRGB, sample, gather
<22:43:11>   R9G9B9E5, mips, sample, gather
<22:43:11>   D32FS8 (R32G8T), mips, DS (multi-sampled)
<22:43:11>   D32F (R32T), mips, DS (multi-sampled)
<22:43:11>   D24S8 (R24G8T), mips, DS (multi-sampled)
<22:43:11>   D16 (R16T), mips, DS (multi-sampled)
<22:43:11>   B5G6R5, mips, RT (blendable) (multi-sampled), sample, gather
<22:43:11>   B5G5R5, mips, RT (blendable) (multi-sampled), sample, gather
<22:43:11>   B4G4R4A4, mips, sample, gather
<22:43:11>   B8G8R8A8, mips, sRGB, RT (blendable) (multi-sampled), sample, gather
<22:43:11>   B8G8R8X8, mips, sRGB, RT (blendable) (multi-sampled), sample, gather
<22:43:11>  Renderer DepthBits: 24
<22:43:11>  ****** CryRender InfoDump ******
<22:43:11>  Driver description: NVIDIA GeForce GTX 770
<22:43:11>  API Version: Direct3D 11.0
<22:43:11>  Feature level: D3D 11_0
<22:43:11>  Vertex Shaders version 5.0
<22:43:11>  Pixel Shaders version 5.0
<22:43:11>  Full stats: 
<22:43:11>  Rasterizer: Hardware
<22:43:11>  Current Resolution: 1280x678x32 Windowed
<22:43:11>  HDR Rendering: FP16
<22:43:11>  Occlusion queries: Supported
<22:43:11>  Geometry instancing: Supported
<22:43:11>  NormalMaps compression : Supported
<22:43:11>  Gamma control: Hardware
<22:43:11>  Used GeomInstancingThreshold is 8
<22:43:11>  Shader model usage: 'SM.5.0'
<22:43:11>  *****************************************
<22:43:11>  
<22:43:11> Init Shaders
<22:43:11> Flushing pended shaders...
<22:43:11> Finished flushing pended shaders...
<22:43:11> Flushing pended shaders...
<22:43:11> Finished flushing pended shaders...
<22:43:11>  General shader quality: Medium
<22:43:11>  Metal shader quality: Medium
<22:43:11>  Glass shader quality: Medium
<22:43:11>  Vegetation shader quality: Medium
<22:43:11>  Ice shader quality: Medium
<22:43:11>  Terrain shader quality: Medium
<22:43:11>  Shadow shader quality: Medium
<22:43:11>  Water shader quality: Medium
<22:43:11>  FX shader quality: Medium
<22:43:11>  PostProcess shader quality: Medium
<22:43:11>  HDR shader quality: Medium
<22:43:11>  Sky shader quality: Medium
<22:43:11> Render quality: VeryHigh
<22:43:11> Allocate render buffer for particles (16384 verts, 49152 tris)...
<22:43:11> Init textures management (4063 Mb of video memory is available)...
<22:43:11>   Enabling of textures streaming...
<22:43:11>   Using 1536 Mb of textures pool for streaming...
<22:43:11>   Video textures: Atlas clouds max size: 32 Mb
<22:43:11>   Video textures: Atlas sprites max size: 32 Mb
<22:43:11>   Video textures: Dynamic managed max size: 48 Mb
<22:43:11>   Reloading all textures...
<22:43:11>   Finished reloading textures...
<22:43:11>   Finished initializing textures streaming...
<22:43:12> Initialized hardware mouse (game is allowed to confine mouse to window)
<22:43:12> CryMonoBridge initialization
<22:43:12> Loading Module CryMonoBridge.dll...
<22:43:12> [Mono] Initialize Mono Runtime . . . 
<22:43:12> [Mono] Debugger server active on port: 17615
<22:43:12> [Mono] Initialization done.
<22:43:12> Initializing CryMonoBridge done, MemUsage=5756Kb
<22:43:12> Loading plug-in CryDefaultEntities
<22:43:12> Loading plug-in CrySensorSystem
<22:43:12> Loading plug-in CryPerceptionSystem
<22:43:12> Loading plug-in bin/Game.dll
<22:43:12> Loading plug-in CryUserAnalytics
<22:43:12> Initializing CryScaleformHelper done, MemUsage=4Kb
<22:43:12> Using Scaleform GFx 3.3.94
<22:43:12>   Using dynamic pool
<22:43:12> Font initialization
<22:43:12> Loading Module CryFont.dll...
<22:43:12> Using FreeType 2.5.5
<22:43:12> Initializing CryFont done, MemUsage=276Kb
<22:43:12> *** Init system render resources ***
<22:43:12> Allocate render buffer for particles (16384 verts, 49152 tris)...
<22:43:12> Network initialization
<22:43:12> Loading Module CryNetwork.dll...
<22:43:12> [LagProfiles] Could not load "". 6 default profiles activated.
<22:43:12> [Error] Scheduler policy name should not exceed 4 characters.
<22:43:12> [net] Socket IO management: External [iocp], Internal [iocp]
<22:43:12> network hostname: DESKTOP-1GUDER2
<22:43:12>   ip:192.168.2.102
<22:43:12> [Network Version]: PROFILE DEVELOPMENT BUILD
<22:43:12> Initializing CryNetwork done, MemUsage=2164Kb
<22:43:12> MovieSystem initialization
<22:43:12> Loading Module CryMovie.dll...
<22:43:12> Initializing CryMovie done, MemUsage=568Kb
<22:43:12> Console initialization
<22:43:12> Time initialization
<22:43:12> Input initialization
<22:43:12> Loading Module CryInput.dll...
<22:43:12> Initializing DirectInput
<22:43:12> Initializing Keyboard
<22:43:12> Input locale changed to 00000407
<22:43:12> Initializing mouse
<22:43:12> Initializing CryInput done, MemUsage=792Kb
<22:43:12>  
<22:43:12> con_debug=0 [  ]
<22:43:12> con_display_last_messages=0 [  ]
<22:43:12> con_line_buffer_size=1000 [  ]
<22:43:12> con_restricted=0 [ RESTRICTEDMODE ]
<22:43:12> con_showonload=0 [  ]
<22:43:12>  
<22:43:12> con_debug=0 [  ]
<22:43:12> con_display_last_messages=0 [  ]
<22:43:12> con_line_buffer_size=1000 [  ]
<22:43:12> con_restricted=0 [ RESTRICTEDMODE ]
<22:43:12> con_showonload=0 [  ]
<22:43:12>  
<22:43:12> con_debug=0 [  ]
<22:43:12>  
<22:43:12> con_debug=0 [  ]
<22:43:12> Initializing Animation System
<22:43:12> Loading Module CryAnimation.dll...
<22:43:12> Initializing CryAnimation done, MemUsage=2104Kb
<22:43:12> Initializing 3D Engine
<22:43:12> Loading Module Cry3DEngine.dll...
<22:43:12> Sky light: Optical lookup tables loaded off disc.
<22:43:12> Initializing Cry3DEngine done, MemUsage=2992Kb
<22:43:12> Script System Initialization
<22:43:12> Loading Module CryScriptSystem.dll...
<22:43:12> [Warning] [Lua Error] Failed to load script file scripts/common.lua
<22:43:12> Initializing CryScriptSystem done, MemUsage=612Kb
<22:43:12> Schematyc initialization
<22:43:13> Loading Module CrySchematyc.dll...
<22:43:13> Initializing CrySchematyc done, MemUsage=1628Kb
<22:43:13> Entity system initialization
<22:43:13> Loading Module CryEntitySystem.dll...
<22:43:13> Initializing CryEntitySystem done, MemUsage=1956Kb
<22:43:13> LiveCreate initialization
<22:43:13> LiveCreateHost not created, using NULL implementation.
<22:43:13> Dynamic Response System initialization
<22:43:13> Loading Module CryDynamicResponseSystem.dll...
<22:43:13> Initializing CryDynamicResponseSystem done, MemUsage=688Kb
<22:43:13> Loading Module CryFlowGraph.dll...
<22:43:13> Successfully registered flownode 'AI:PerceptionState'
<22:43:13> Successfully registered flownode 'AI:EventListener'
<22:43:13> Initializing CryFlowGraph done, MemUsage=892Kb
<22:43:13> AI initialization
<22:43:13> Loading Module CryAISystem.dll...
<22:43:13> Initializing CryAISystem done, MemUsage=1404Kb
<22:43:13> Initializing AI System
<22:43:13> AI: [AISYSTEM] Initialization started.
<22:43:13> [Warning] XML reader: Can't open file (Scripts/AI/Communication/CommunicationSystemConfiguration.xml)
<22:43:13> [Warning] AI: Failed to open XML file 'Scripts/AI/Communication/CommunicationSystemConfiguration.xml'...
<22:43:13> [Warning] XML reader: Can't open file (Scripts/AI/lookup.xml)
<22:43:13> [Warning] [Lua Error] Failed to load script file scripts/ai/aiconfig.lua
<22:43:13> Registering CentralInterestManager with EntitySystem
<22:43:13> [Warning] XML reader: Can't open file (Libs/AITargetStimulusConfig.xml)
<22:43:13> [Warning] AI: CTargetTrackManager::Init() Warning: Failed to load configuration file 'Libs/AITargetStimulusConfig.xml'
<22:43:13> AI: [AISYSTEM] Initialization finished.
<22:43:13> [Warning] XML reader: Can't open file (Scripts/AI/Cover.xml)
<22:43:13> [Warning] AI: Failed to open XML file 'Scripts/AI/Cover.xml'...
<22:43:13> [Warning] XML reader: Can't open file (Scripts/AI/Navigation.xml)
<22:43:13> [Warning] AI: Failed to open XML file 'Scripts/AI/Navigation.xml'...
<22:43:13> Initializing additional systems
<22:43:13> OnSysSpecChange(0)
<22:43:13> Loading Config file %ENGINEROOT%/editor.cfg (c:\program files (x86)\crytek\cryengine launcher\crytek\cryengine_5.4\editor.cfg)
<22:43:13> Flushing pended textures...
<22:43:13> Finished flushing pended textures...
<22:43:13> [Warning] XML reader: Can't open file (Libs/Levels/leveltypes.xml)
<22:43:13> [Warning] XML reader: Can't open file (Libs/FlowNodes/DialogFlowNodeBuffers.xml)
<22:43:13> [Warning] [Lua Error] Failed to load script file Scripts/Entities/Vehicles/VehicleSystem.lua
<22:43:13> [Warning] XML reader: Can't open file (Libs/Readability/Faces/Faces.xml)
<22:43:13> [Warning] XML reader: Can't open file (Scripts/Network/StatsConfig.xml)
<22:43:13> [Warning] [Lua Error] Failed to load script file Scripts/Entities/Vehicles/VehiclePartDetached.lua
<22:43:13> Ending game context...
<22:43:13> [Warning] XML reader: Can't open file (Libs/GameForceFeedback/ForceFeedbackEffects.xml)
<22:43:13> [Warning] [ForceFeedback System] Could not load force feedback system data. Invalid XML file 'Libs/GameForceFeedback/ForceFeedbackEffects.xml'! 
<22:43:13> Initializing default materials...
<22:43:13> [Warning] XML reader: Can't open file (materials/material_layers_default.mtl)
<22:43:13> [Warning] [Lua Error] Failed to load script file scripts/main.lua
<22:43:13> [Warning] [CScriptSystem::BeginCall] Function OnInit not found(check for syntax errors or if the file wasn't loaded)
<22:43:14> [Warning] Could not load dialog file assets\Libs\DynamicResponseSystem\DialogLines/dialoglines.dialog
<22:43:14> [MFX] Loading FXLib 'collision' ...
<22:43:14> [Schematyc]: Loading...
<22:43:14> [Schematyc]: Loading settings
<22:43:14> [Warning] XML reader: Can't open file (assets/cryschematycsettings/log_settings.sc_settings)
<22:43:14> [Schematyc]: Loading scripts
<22:43:14> [Schematyc]: Compiling scripts
<22:43:14> [Schematyc]: Loading complete
<22:43:14> [CONSOLE] Executing console command 'exec autoexec.cfg'
<22:43:14> Executing console batch file (try game,config,root): "autoexec.cfg" not found!
<22:43:14> Current Language: German 
<22:43:14> Windows 10 10.0 (C:\WINDOWS)
<22:43:14> Local time is 22:43:14 10/18/17, system running for 10308 minutes
<22:43:14> 16376MB phys. memory installed, 12312MB paging available
<22:43:14> Current display mode is 1920x1080x32, (Unknown graphics card)
<22:43:14> IBM enhanced (101/102-key) keyboard and 16+ button mouse installed
<22:43:14> --------------------------------------------------------------------------------
<22:43:14> Loading Config file singleplayer.cfg (c:\program files (x86)\crytek\cryengine launcher\crytek\cryengine_5.4\engine\config\singleplayer.cfg)
<22:43:14> [Warning] [Lua Error] Failed to load script file scripts/ai/pathfindProperties.lua
<22:43:14> AI: [AISYSTEM] Initializing AI Actions.
<22:43:14> AI: [AISYSTEM] Initializing Smart Objects.
<22:43:14> [Warning] XML reader: Can't open file (Libs/SmartObjects.xml)
<22:43:14> [Warning] XML reader: Can't open file (Libs/SmartObjects/Templates/SOTemplates.xml)
<22:43:14> Unloading all previous plugins
<22:43:14> Loading plugins...
<22:43:14> Successfully loaded plugin '3DConnexionDriver', version '1'
<22:43:14> Successfully loaded plugin 'CryDesigner', version '1'
<22:43:14> Successfully loaded plugin 'Dependency Graph Plugin', version '1'
<22:43:14> Successfully loaded plugin 'Sample Plugin', version '1'
<22:43:14> Successfully loaded plugin 'Editor Animation', version '1'
<22:43:14> Successfully loaded plugin 'Audio Controls Editor', version '1'
<22:43:14> Successfully loaded plugin 'Console', version '1'
<22:43:14> Successfully loaded plugin 'Dynamic Response System Editor', version '1'
<22:43:14> Successfully loaded plugin 'Environment Editor', version '1'
<22:43:14> Successfully loaded plugin 'EditorGameSDK', version '1'
<22:43:14> Successfully loaded plugin 'Particle Editor', version '1'
<22:43:14> [SchematycEditor]: Initializing...
<22:43:14> [SchematycEditor]: Fixing up script files
<22:43:14> [SchematycEditor]: Compiling script files
<22:43:14> [SchematycEditor]: Initialization complete
<22:43:14> Successfully loaded plugin 'Schematyc Plugin', version '1'
<22:43:14> Successfully loaded plugin 'EditorSubstance', version '1'
<22:43:14> Successfully loaded plugin 'TrackView', version '1'
<22:43:14> Successfully loaded plugin 'UQS Editor', version '1'
<22:43:14> Successfully loaded plugin 'UQS History', version '1'
<22:43:14> Successfully loaded plugin 'Sample Plugin', version '1'
<22:43:14> Successfully loaded plugin 'FBX Exporter', version '1'
<22:43:14> Successfully loaded plugin 'MeshImporter', version '1'
<22:43:14> Successfully loaded plugin 'Sandbox Python Bridge', version '0'
<22:43:14> Successfully loaded plugin 'Sample Plugin', version '1'
<22:43:14> Successfully loaded plugin 'Sample Plugin', version '1'
<22:43:14> Started game resource files indexing...
<22:43:14> OnSysSpecChange(2)
<22:43:14> Loading Config file %engine%/config/MedSpec.cfg (c:\program files (x86)\crytek\cryengine launcher\crytek\cryengine_5.4\engine\config\medspec.cfg)
<22:43:14> Allocating shadow map cache 6324 x 6324: 76.28 MB
<22:43:14> Allocating shadow map cache 4214 x 4214: 33.87 MB
<22:43:14> Loading Config file %ENGINEROOT%/editor.cfg (c:\program files (x86)\crytek\cryengine launcher\crytek\cryengine_5.4\editor.cfg)
<22:43:14> Flushing pended textures...
<22:43:14> Finished flushing pended textures...
<22:43:15> [CONSOLE] Executing console command 'exec editor.cfg'
<22:43:15> Executing console batch file (try game,config,root): "editor.cfg" found in %ENGINEROOT%/editor.cfg ...
<22:43:15> ca_UseIMG_CAF=0 [  ]
<22:43:15> drs_dialogSubtitles=1 [  ]
<22:43:15> general.run_file 'C:/Program Files (x86)/Crytek/CRYENGINE Launcher/Crytek/CRYENGINE_5.4/Editor/Python/plugins/crytools/startup.py'
<22:43:15> checking C:\Program Files (x86)\Crytek\CRYENGINE Launcher\Crytek\CRYENGINE_5.4\Tools\sandbox\init.py
<22:43:15> 
<22:43:15> Loading crytools from C:\Program Files (x86)\Crytek\CRYENGINE Launcher\Crytek\CRYENGINE_5.4\Tools\sandbox
<22:43:15> 
<22:43:15> sandbox_tools_pathC:\Program Files (x86)\Crytek\CRYENGINE Launcher\Crytek\CRYENGINE_5.4\Tools\sandbox
<22:43:15> 
<22:43:15> added C:\Program Files (x86)\Crytek\CRYENGINE Launcher\Crytek\CRYENGINE_5.4\Tools\python\lib\common
<22:43:15> 
<22:43:15> C:\Program Files (x86)\Crytek\CRYENGINE Launcher\Crytek\CRYENGINE_5.4\Tools\python\packages
<22:43:15> 
<22:43:15> added C:\Program Files (x86)\Crytek\CRYENGINE Launcher\Crytek\CRYENGINE_5.4\Tools\sandbox\lib\common
<22:43:15> 
<22:43:15> added C:\Program Files (x86)\Crytek\CRYENGINE Launcher\Crytek\CRYENGINE_5.4\Tools\sandbox\tools
<22:43:15> 
<22:43:15> Registered override path : C:\Program Files (x86)\Crytek\CRYENGINE Launcher\Crytek\CRYENGINE_5.4\Tools\sandbox\lib\override\common
<22:43:15> 
<22:43:16> Returned: 
<22:43:16> Adding for file change notifications: 'C:\Users\XTC\Documents\GitHub\Hyphearia\assets\'
<22:43:16> Compressing Animation 1/53: animations/motusanims/turns/walkturn_rgt_3p.caf
<22:43:16> Compressing Animation 2/53: animations/motusanims/turns/walkturn_lft_3p.caf
<22:43:16> Compressing Animation 3/53: animations/motusanims/turns/runturn_rgt_3p.caf
<22:43:16> Compressing Animation 4/53: animations/motusanims/turns/runturn_lft_3p.caf
<22:43:16> Compressing Animation 5/53: animations/motusanims/turns/jogturn_rgt_3p.caf
<22:43:16> Compressing Animation 6/53: animations/motusanims/turns/jogturn_lft_3p.caf
<22:43:16> CAIManager: navigation world monitor state: Stopped -> Started
<22:43:16> Task Completed: Compression of 'animations/motusanims/turns/walkturn_rgt_3p.caf'
<22:43:16> Task Completed: Compression of 'animations/motusanims/turns/walkturn_lft_3p.caf'
<22:43:16> Task Completed: Compression of 'animations/motusanims/turns/runturn_rgt_3p.caf'
<22:43:16> Task Completed: Compression of 'animations/motusanims/turns/runturn_lft_3p.caf'
<22:43:16> Task Completed: Compression of 'animations/motusanims/turns/jogturn_rgt_3p.caf'
<22:43:17> Remote console listening on: 4600
<22:43:17> Compressing Animation 7/53: animations/motusanims/strafe/walkstrafe_rgt_3p.caf
<22:43:17> Compressing Animation 8/53: animations/motusanims/strafe/walkstrafe_lft_3p.caf
<22:43:17> Compressing Animation 9/53: animations/motusanims/strafe/walkcross_fwd_rgt_3p.caf
<22:43:17> Compressing Animation 10/53: animations/motusanims/strafe/walkcross_fwd_lft_3p.caf
<22:43:17> Compressing Animation 11/53: animations/motusanims/strafe/walkcross_bck_rgt_3p.caf
<22:43:17> Task Completed: Compression of 'animations/motusanims/turns/jogturn_lft_3p.caf'
<22:43:17> Task Completed: Compression of 'animations/motusanims/strafe/walkstrafe_rgt_3p.caf'
<22:43:17> Task Completed: Compression of 'animations/motusanims/strafe/walkstrafe_lft_3p.caf'
<22:43:17> Task Completed: Compression of 'animations/motusanims/strafe/walkcross_fwd_rgt_3p.caf'
<22:43:17> Task Completed: Compression of 'animations/motusanims/strafe/walkcross_fwd_lft_3p.caf'
<22:43:17> Task Completed: Compression of 'animations/motusanims/strafe/walkcross_bck_rgt_3p.caf'
<22:43:17> Compressing Animation 12/53: animations/motusanims/strafe/walkcross_bck_lft_3p.caf
<22:43:17> Compressing Animation 13/53: animations/motusanims/strafe/runstrafe_rgt_3p.caf
<22:43:17> Task Completed: Compression of 'animations/motusanims/strafe/walkcross_bck_lft_3p.caf'
<22:43:17> Compressing Animation 14/53: animations/motusanims/strafe/runstrafe_lft_3p.caf
<22:43:17> Task Completed: Compression of 'animations/motusanims/strafe/runstrafe_rgt_3p.caf'
<22:43:18> Task Completed: Compression of 'animations/motusanims/strafe/runstrafe_lft_3p.caf'
<22:43:18> Compressing Animation 15/53: animations/motusanims/strafe/runcross_fwd_rgt_3p.caf
<22:43:18> Task Completed: Compression of 'animations/motusanims/strafe/runcross_fwd_rgt_3p.caf'
<22:43:18> Compressing Animation 16/53: animations/motusanims/strafe/runcross_fwd_lft_3p.caf
<22:43:18> Compressing Animation 17/53: animations/motusanims/strafe/jogstrafe_rgt_3p.caf
<22:43:18> Task Completed: Compression of 'animations/motusanims/strafe/runcross_fwd_lft_3p.caf'
<22:43:18> Compressing Animation 18/53: animations/motusanims/strafe/jogstrafe_lft_3p.caf
<22:43:18> Task Completed: Compression of 'animations/motusanims/strafe/jogstrafe_rgt_3p.caf'
<22:43:18> Task Completed: Compression of 'animations/motusanims/strafe/jogstrafe_lft_3p.caf'
<22:43:18> Compressing Animation 19/53: animations/motusanims/strafe/jogcross_fwd_rgt_3p.caf
<22:43:19> Compressing Animation 20/53: animations/motusanims/strafe/jogcross_fwd_lft_3p.caf
<22:43:19> Task Completed: Compression of 'animations/motusanims/strafe/jogcross_fwd_rgt_3p.caf'
<22:43:19> Compressing Animation 21/53: animations/motusanims/strafe/jogcross_bck_rgt_3p.caf
<22:43:19> Task Completed: Compression of 'animations/motusanims/strafe/jogcross_fwd_lft_3p.caf'
<22:43:19> Compressing Animation 22/53: animations/motusanims/strafe/jogcross_bck_lft_3p.caf
<22:43:19> Task Completed: Compression of 'animations/motusanims/strafe/jogcross_bck_rgt_3p.caf'
<22:43:19> Compressing Animation 23/53: animations/motusanims/steprotate/steprotate_rgt_90_3p.caf
<22:43:19> Task Completed: Compression of 'animations/motusanims/strafe/jogcross_bck_lft_3p.caf'
<22:43:19> Task Completed: Compression of 'animations/motusanims/steprotate/steprotate_rgt_90_3p.caf'
<22:43:19> Compressing Animation 24/53: animations/motusanims/steprotate/steprotate_rgt_45_3p.caf
<22:43:19> Compressing Animation 25/53: animations/motusanims/steprotate/steprotate_rgt_180_3p.caf
<22:43:19> Task Completed: Compression of 'animations/motusanims/steprotate/steprotate_rgt_45_3p.caf'
<22:43:20> Compressing Animation 26/53: animations/motusanims/steprotate/steprotate_rgt_135_3p.caf
<22:43:20> Task Completed: Compression of 'animations/motusanims/steprotate/steprotate_rgt_180_3p.caf'
<22:43:20> Task Completed: Compression of 'animations/motusanims/steprotate/steprotate_rgt_135_3p.caf'
<22:43:20> Compressing Animation 27/53: animations/motusanims/steprotate/steprotate_lft_90_3p.caf
<22:43:20> Compressing Animation 28/53: animations/motusanims/steprotate/steprotate_lft_45_3p.caf
<22:43:20> Task Completed: Compression of 'animations/motusanims/steprotate/steprotate_lft_90_3p.caf'
<22:43:20> Compressing Animation 29/53: animations/motusanims/steprotate/steprotate_lft_180_3p.caf
<22:43:20> Task Completed: Compression of 'animations/motusanims/steprotate/steprotate_lft_45_3p.caf'
<22:43:20> Compressing Animation 30/53: animations/motusanims/steprotate/steprotate_lft_135_3p.caf
<22:43:20> Task Completed: Compression of 'animations/motusanims/steprotate/steprotate_lft_180_3p.caf'
<22:43:21> Compressing Animation 31/53: animations/motusanims/rifleanims/walkstraferifleaim_rgt_3p.caf
<22:43:21> Task Completed: Compression of 'animations/motusanims/steprotate/steprotate_lft_135_3p.caf'
<22:43:21> Task Completed: Compression of 'animations/motusanims/rifleanims/walkstraferifleaim_rgt_3p.caf'
<22:43:21> Compressing Animation 32/53: animations/motusanims/rifleanims/walkstraferifleaim_lft_3p.caf
<22:43:21> Compressing Animation 33/53: animations/motusanims/rifleanims/walkcrossrifleaim_fwd_rgt_3p.caf
<22:43:21> Task Completed: Compression of 'animations/motusanims/rifleanims/walkstraferifleaim_lft_3p.caf'
<22:43:21> Compressing Animation 34/53: animations/motusanims/rifleanims/walkcrossrifleaim_fwd_lft_3p.caf
<22:43:21> Task Completed: Compression of 'animations/motusanims/rifleanims/walkcrossrifleaim_fwd_rgt_3p.caf'
<22:43:21> Compressing Animation 35/53: animations/motusanims/rifleanims/walkcrossrifleaim_bck_rgt_3p.caf
<22:43:21> Task Completed: Compression of 'animations/motusanims/rifleanims/walkcrossrifleaim_fwd_lft_3p.caf'
<22:43:22> Task Completed: Compression of 'animations/motusanims/rifleanims/walkcrossrifleaim_bck_rgt_3p.caf'
<22:43:22> Compressing Animation 36/53: animations/motusanims/rifleanims/walkcrossrifleaim_bck_lft_3p.caf
<22:43:22> Compressing Animation 37/53: animations/motusanims/rifleanims/steprifleaimrotate_rgt_90_3p.caf
<22:43:22> Task Completed: Compression of 'animations/motusanims/rifleanims/walkcrossrifleaim_bck_lft_3p.caf'
<22:43:22> Compressing Animation 38/53: animations/motusanims/rifleanims/steprifleaimrotate_lft_90_3p.caf
<22:43:22> Task Completed: Compression of 'animations/motusanims/rifleanims/steprifleaimrotate_rgt_90_3p.caf'
<22:43:22> Compressing Animation 39/53: animations/motusanims/rifleanims/riflewalkaim_fwd_3p.caf
<22:43:22> Task Completed: Compression of 'animations/motusanims/rifleanims/steprifleaimrotate_lft_90_3p.caf'
<22:43:22> Compressing Animation 40/53: animations/motusanims/rifleanims/riflewalkaim_bwd_3p.caf
<22:43:22> Task Completed: Compression of 'animations/motusanims/rifleanims/riflewalkaim_fwd_3p.caf'
<22:43:22> Task Completed: Compression of 'animations/motusanims/rifleanims/riflewalkaim_bwd_3p.caf'
<22:43:22> Compressing Animation 41/53: animations/motusanims/rifleanims/rifleaim_idle_3p.caf
<22:43:23> Task Completed: Compression of 'animations/motusanims/rifleanims/rifleaim_idle_3p.caf'
<22:43:23> Compressing Animation 42/53: animations/motusanims/ide2move/walk_to_idle_3p.caf
<22:43:23> Compressing Animation 43/53: animations/motusanims/ide2move/run_to_idle_3p.caf
<22:43:23> Task Completed: Compression of 'animations/motusanims/ide2move/walk_to_idle_3p.caf'
<22:43:23> Compressing Animation 44/53: animations/motusanims/ide2move/jog_to_idle_3p.caf
<22:43:23> Task Completed: Compression of 'animations/motusanims/ide2move/run_to_idle_3p.caf'
<22:43:23> Compressing Animation 45/53: animations/motusanims/ide2move/idle_to_walk_3p.caf
<22:43:23> Task Completed: Compression of 'animations/motusanims/ide2move/jog_to_idle_3p.caf'
<22:43:23> Task Completed: Compression of 'animations/motusanims/ide2move/idle_to_walk_3p.caf'
<22:43:23> Compressing Animation 46/53: animations/motusanims/ide2move/idle_to_run_3p.caf
<22:43:23> Compressing Animation 47/53: animations/motusanims/ide2move/idle_to_jog_3p.caf
<22:43:23> Task Completed: Compression of 'animations/motusanims/ide2move/idle_to_run_3p.caf'
<22:43:24> Compressing Animation 48/53: animations/motusanims/walk_fwd_3p.caf
<22:43:24> Task Completed: Compression of 'animations/motusanims/ide2move/idle_to_jog_3p.caf'
<22:43:24> Compressing Animation 49/53: animations/motusanims/walk_bck_3p.caf
<22:43:24> Task Completed: Compression of 'animations/motusanims/walk_fwd_3p.caf'
<22:43:24> Compressing Animation 50/53: animations/motusanims/run_fwd_3p.caf
<22:43:24> Task Completed: Compression of 'animations/motusanims/walk_bck_3p.caf'
<22:43:24> Compressing Animation 51/53: animations/motusanims/jog_fwd_3p.caf
<22:43:24> Task Completed: Compression of 'animations/motusanims/run_fwd_3p.caf'
<22:43:24> Compressing Animation 52/53: animations/motusanims/jog_bck_3p.caf
<22:43:24> Task Completed: Compression of 'animations/motusanims/jog_fwd_3p.caf'
<22:43:24> Compressing Animation 53/53: animations/motusanims/idle_3p.caf
<22:43:24> Task Completed: Compression of 'animations/motusanims/jog_bck_3p.caf'
<22:43:24> Task Completed: Update Local Animations
<22:43:25> Task Completed: Compression of 'animations/motusanims/idle_3p.caf'
<22:43:25> Task Completed: Clean up compiled animations
<22:43:25> Task Completed: Reload CHRPARAMS
<22:43:36> general.open
<22:43:38> Waiting for value WaitForAllowSendClientConnect
<22:43:40> Returned: 
<22:43:42> general.new
<22:43:58> Waiting for value WaitForAllowSendClientConnect
<22:44:18> Waiting for value WaitForAllowSendClientConnect
<22:44:38> Waiting for value WaitForAllowSendClientConnect
<22:44:58> Waiting for value WaitForAllowSendClientConnect
<22:45:08> Creating level directory
<22:45:08> *** Start clearing render resources ***
<22:45:08> Flushing pended shaders...
<22:45:08> Finished flushing pended shaders...
<22:45:08> *** Clearing render resources took 1.4 msec ***
<22:45:08> Ending game context...
<22:45:08> Destroying CActionGame instance 000001C956CE5B10 (level="")
<22:45:08> SetGlobalState 0->1 'INIT'->'LEVEL_LOAD_PREPARE' 618632.9 seconds
<22:45:08> Loading Config file singleplayer.cfg (c:\program files (x86)\crytek\cryengine launcher\crytek\cryengine_5.4\engine\config\singleplayer.cfg)
<22:45:08> Preparing new document...
<22:45:08> CRGBLayer::AllocateTiles 2x2 tiles 512 => 1024x1024 texture
<22:45:08> allocating editor height map (1024x1024)*4
<22:45:08> CRGBLayer::AllocateTiles 2x2 tiles 512 => 1024x1024 texture
<22:45:08> allocating editor height map (2048x2048)*4
<22:45:08> Flushing pended textures...
<22:45:08> Finished flushing pended textures...
<22:45:08> Loading layer texture (%ENGINE%/engineassets/textures/grey.dds)...
<22:45:08> SetGlobalState 1->10 'LEVEL_LOAD_PREPARE'->'LEVEL_LOAD_END' 0.4 seconds
<22:45:08> File access time during level loading: 0.00 seconds
<22:45:08> SetGlobalState 10->9 'LEVEL_LOAD_END'->'LEVEL_LOAD_TEXTURES' 0.0 seconds
<22:45:08> -- Presort shaders by states...
<22:45:08> --- 6 Resources, 0 Resource groups.
<22:45:08> Requesting textures precache ...
<22:45:08> -- Precaching textures...
<22:45:08> Precaching progress: 2
<22:45:08> Precaching progress: 4
<22:45:08> Precaching progress: 6
<22:45:08> Precaching progress: 8
<22:45:08> Precaching textures done in 0.01 seconds
<22:45:08> Textures precache done.
<22:45:08> SetGlobalState 9->13 'LEVEL_LOAD_TEXTURES'->'RUNNING' 0.0 seconds
<22:45:08> CRGBLayer::AllocateTiles 2x2 tiles 512 => 1024x1024 texture
<22:45:08> allocating editor height map (2048x2048)*4
<22:45:08> Saving to assets/Levels/The_Journey_Begins/The_Journey_Begins.cry...
<22:45:08> Storing View settings...
<22:45:08> Storing Fog settings...
<22:45:08> Storing missions...<22:45:08> Done
<22:45:08> 0 shader combination loaded for level assets/Levels/The_Journey_Begins
<22:45:08> Saving pak file assets\levels\the_journey_begins\the_journey_begins.tmp
<22:45:08> Storing surface types...
<22:45:08> Storing layer settings...
<22:45:08> Saving Vegetation Map...
<22:45:08> Level successfully saved
<22:45:08> Exporting terrain...
<22:45:08> Exporting merged meshes sectors...
<22:45:08> Exporting merged meshes list...
<22:45:08> Exporting indoors...
<22:45:08> Exporting LevelData.xml
<22:45:08> Storing surface types...
<22:45:08> Storing Collision Classes ...
<22:45:08> Exporting LevelData.xml done.
<22:45:08> Regenerating AI data!
<22:45:08> Validating SmartObjects
<22:45:08> AI: [AISYSTEM] Exporting Areas to assets/Levels/The_Journey_Begins/\areasMission0.bai
<22:45:08> AI: [AISYSTEM] Finished Exporting data
<22:45:08> Exporting AI done.
<22:45:08> Exporting Game Data...
<22:45:08> Exporting Game Data done
<22:45:08> Export animation sequences...<22:45:08> Done.
<22:45:08> Exporting Brushes...<22:45:08> Done.
<22:45:08> 0 shader combination loaded for level assets/Levels/The_Journey_Begins
<22:45:08> Exporting serialization list
<22:45:08> Exporting was successful.
<22:45:08> Loading map 'assets/Levels/The_Journey_Begins' into engine...
<22:45:08> ===== Loading Particle Effects =====
<22:45:08> Loading terrain layers for segment 0 ...
<22:45:08> Loading RGB Layer Tile: TilePos=(0, 0) MemUsage=0.0MB
<22:45:08> Loading RGB Layer Tile: TilePos=(0, 1) MemUsage=1.0MB
<22:45:08> Loading RGB Layer Tile: TilePos=(1, 0) MemUsage=2.0MB
<22:45:08> Loading RGB Layer Tile: TilePos=(1, 1) MemUsage=3.0MB
<22:45:08> Constructing 5461 terrain nodes (2.0 MB) <22:45:08>  done in 0.00 sec
<22:45:09> Exporting data to game (assets/Levels/The_Journey_Begins/)...
<22:45:09> Exporting terrain texture.
<22:45:09> Generating terrain texture...
<22:45:09> Generation stats: 21 tiles(base: 256x256) = 2.63 MB
<22:45:11> * Building AO data took 0 seconds *
<22:45:11> Update terrain texture file...
<22:45:11> Terrain Texture Exported in 1 seconds.
<22:45:11> Exporting terrain...
<22:45:11> Exporting merged meshes sectors...
<22:45:11> Exporting merged meshes list...
<22:45:11> Exporting indoors...<22:45:11>  done in 0.00 sec
<22:45:11> Exporting LevelData.xml
<22:45:11> Storing surface types...
<22:45:11> Storing Collision Classes ...
<22:45:11> Exporting LevelData.xml done.
<22:45:11> Regenerating AI data!
<22:45:11> Validating SmartObjects
<22:45:11> AI: [AISYSTEM] Exporting Areas to assets/Levels/The_Journey_Begins/\areasMission0.bai
<22:45:11> AI: [AISYSTEM] Finished Exporting data
<22:45:11> Exporting AI done.
<22:45:11> Exporting Game Data...
<22:45:11> Exporting Game Data done
<22:45:11> Export animation sequences...<22:45:11> Done.
<22:45:11> Exporting Brushes...<22:45:11> Done.
<22:45:11> 0 shader combination loaded for level assets/Levels/The_Journey_Begins
<22:45:11> Exporting serialization list
<22:45:11> Loading map 'assets/Levels/The_Journey_Begins' into engine...
<22:45:11> ===== Loading Particle Effects =====
<22:45:11> Exporting was successful.
<22:45:11> Returned: 
<22:45:11> Opening terrain\cover.ctc ...
<22:45:11>   TerrainLayer 0: TexFormat: BC3, SectorTextureSize: 256x256, SectorTextureDataSizeBytes: 65536
<22:45:11>   TerrainLayer 1: TexFormat: BC3, SectorTextureSize: 256x256, SectorTextureDataSizeBytes: 65536
<22:45:11>   RGB multiplier: 8, Texture indices: 85
<22:45:19> camera.toggle_speed_height_relative
<22:45:19> Returned: 
<22:51:07> general.undo
<22:51:07> Undo (Undo:29,Redo:1)
<22:51:08> Returned: 
<22:53:24> general.undo
<22:53:24> Undo (Undo:44,Redo:1)
<22:53:24> Returned: 
<22:53:24> general.undo
<22:53:24> Undo (Undo:43,Redo:2)
<22:53:24> Returned: 
<22:53:25> general.undo
<22:53:25> Undo (Undo:42,Redo:3)
<22:53:25> Returned: 
<22:54:00> ui_action.actionSelect_Mode
<22:54:00> Returned: 
<22:56:59> terrain.flatten_heavy
<22:56:59> Flattening heightmap...
<22:57:00> Loading terrain layers for segment 0 ...
<22:57:01> Returned: 
<22:57:27> general.undo
<22:57:27> Undo (Undo:56,Redo:1)
<22:57:27> Returned: 
<22:57:59> general.undo
<22:57:59> Undo (Undo:55,Redo:2)
<22:57:59> Returned: 
<22:57:59> general.undo
<22:57:59> Undo (Undo:54,Redo:3)
<22:58:00> Returned: 
<22:58:00> general.undo
<22:58:00> Undo (Undo:53,Redo:4)
<22:58:00> Returned: 
<22:58:00> general.undo
<22:58:00> Undo (Undo:52,Redo:5)
<22:58:00> Returned: 
<22:58:37> terrain.smooth
<22:58:37> Loading terrain layers for segment 0 ...
<22:58:39> Returned: 
<22:58:50> terrain.set_ocean_height
<22:58:58> Loading terrain layers for segment 0 ...
<22:58:59> Returned: 
<22:59:34> ui_action.actionMove
<22:59:34> Returned: 
<22:59:48> terrain.set_ocean_height
<22:59:53> Loading terrain layers for segment 0 ...
<22:59:54> Returned: 
<23:00:03> terrain.set_ocean_height
<23:00:09> Loading terrain layers for segment 0 ...
<23:00:10> Returned: 
<23:01:40> terrain.set_ocean_height
<23:01:45> Loading terrain layers for segment 0 ...
<23:01:46> Returned: 
<23:02:11> terrain.set_ocean_height
<23:02:18> Loading terrain layers for segment 0 ...
<23:02:20> Returned: 
<23:02:48> general.set_config_spec '3'
<23:02:48> OnSysSpecChange(3)
<23:02:48> Loading Config file %engine%/config/HighSpec.cfg (c:\program files (x86)\crytek\cryengine launcher\crytek\cryengine_5.4\engine\config\highspec.cfg)
<23:02:48> Flushing pended shaders...
<23:02:48> Finished flushing pended shaders...
<23:02:49> Flushing pended shaders...
<23:02:49> Finished flushing pended shaders...
<23:02:49> Loading Config file %ENGINEROOT%/editor.cfg (c:\program files (x86)\crytek\cryengine launcher\crytek\cryengine_5.4\editor.cfg)
<23:02:49> Flushing pended textures...
<23:02:49> Finished flushing pended textures...
<23:02:50> Returned: 
<23:03:33> ui_action.actionReload_Texture_Shaders
<23:03:33> Reloading Static objects textures and shaders.
<23:03:33> Flushing pended textures...
<23:03:33> Finished flushing pended textures...
<23:03:33> Returned: 
<23:04:24> ui_action.actionWireframe
<23:04:24> Returned: 
<23:04:57> general.find
<23:04:57> Returned: 
<23:05:14> terrain.smooth_beach_coast
<23:05:16> Applying formula ...
<23:05:17> Loading terrain layers for segment 0 ...
<23:05:17> Returned: 
<23:05:21> ui_action.actionWireframe
<23:05:21> Returned: 
<23:05:35> terrain.reload_terrain
<23:05:35> Exporting terrain...
<23:05:35> Exporting merged meshes sectors...
<23:05:35> Exporting merged meshes list...
<23:05:35> Exporting indoors...<23:05:35>  done in 0.00 sec
<23:05:35> Exporting LevelData.xml
<23:05:35> Storing surface types...
<23:05:35> Storing Collision Classes ...
<23:05:35> Exporting LevelData.xml done.
<23:05:35> Regenerating AI data!
<23:05:35> Validating SmartObjects
<23:05:35> AI: [AISYSTEM] Exporting Areas to assets/Levels/The_Journey_Begins/\areasMission0.bai
<23:05:35> AI: [AISYSTEM] Finished Exporting data
<23:05:35> Exporting AI done.
<23:05:35> Exporting Game Data...
<23:05:35> Exporting Game Data done
<23:05:35> Export animation sequences...<23:05:35> Done.
<23:05:35> Exporting Brushes...<23:05:35> Done.
<23:05:36> 0 shader combination loaded for level assets/Levels/The_Journey_Begins
<23:05:36> Exporting serialization list
<23:05:36> Loading map 'assets/Levels/The_Journey_Begins' into engine...
<23:05:36> ===== Loading Particle Effects =====
<23:05:36> Exporting was successful.
<23:05:36> Returned: 
<23:07:33> general.undo
<23:07:33> Undo (Undo:76,Redo:1)
<23:07:34> Returned: 
<23:08:04> terrain.set_ocean_height
<23:08:11> Loading terrain layers for segment 0 ...
<23:08:12> Returned: 
<23:21:18> general.undo
<23:21:18> Undo (Undo:274,Redo:1)
<23:21:19> Returned: 
<23:24:34> ui_action.actionFreeze_Selection
<23:24:34> Returned: 
<23:24:34> ui_action.actionFreeze_Selection
<23:24:34> Returned: 
<23:24:34> ui_action.actionFreeze_Selection
<23:24:34> Returned: 
<23:24:34> ui_action.actionFreeze_Selection
<23:24:34> Returned: 
<23:26:28> general.save
<23:26:28> Saving to assets/Levels/The_Journey_Begins/The_Journey_Begins.cry...
<23:26:28> Storing View settings...
<23:26:28> Storing Fog settings...
<23:26:28> Storing missions...<23:26:28> Done
<23:26:28> 0 shader combination loaded for level assets/Levels/The_Journey_Begins
<23:26:28> Saving pak file assets\levels\the_journey_begins\the_journey_begins.tmp
<23:26:28> Storing surface types...
<23:26:28> Storing layer settings...
<23:26:28> Saving Vegetation Map...
<23:26:28> Level successfully saved
<23:26:28> Returned: 
<23:29:59> *** Start clearing render resources ***
<23:29:59> Flushing pended shaders...
<23:29:59> Finished flushing pended shaders...
<23:29:59> *** Clearing render resources took 0.8 msec ***
<23:29:59> Ending game context...
<23:29:59> Destroying CActionGame instance 000001C956CE5B10 (level="")
<23:29:59> CSystem::Quit invoked from thread 11780 (main is 11780)
<23:30:00> BaseInput - Shutting down all force feedback
<23:30:00> ActionGame - Shutting down all force feedback
<23:30:00> Flushing pended shaders...
<23:30:00> Finished flushing pended shaders...
<23:30:00> System:Quit
