Project Hyphearia
Using Project Folder C:/Users/XTC/Documents/CRYENGINE Projects
Using Engine Folder C:\Program Files (x86)\Crytek\CRYENGINE Launcher\Crytek\CRYENGINE_5.4\
Using Asset Folder C:/Users/XTC/Documents/CRYENGINE Projects/Assets

Total number of logical processors: 4
Number of available logical processors: 4
Total number of system cores: 4
Number of cores available to process: 4
 
Processor 0:
  CPU: Intel Intel(R) Core(TM) i5 CPU         750  @ 2.67GHz
  Family: 6, Model: 14, Stepping: 5
  FPU: On-Chip
  Features: SSE, SSE2, SSE3, SSE4.2
  Serial number not present or disabled
 
Processor 1:
  CPU: Intel Intel(R) Core(TM) i5 CPU         750  @ 2.67GHz
  Family: 6, Model: 14, Stepping: 5
  FPU: On-Chip
  Features: SSE, SSE2, SSE3, SSE4.2
  Serial number not present or disabled
 
Processor 2:
  CPU: Intel Intel(R) Core(TM) i5 CPU         750  @ 2.67GHz
  Family: 6, Model: 14, Stepping: 5
  FPU: On-Chip
  Features: SSE, SSE2, SSE3, SSE4.2
  Serial number not present or disabled
 
Processor 3:
  CPU: Intel Intel(R) Core(TM) i5 CPU         750  @ 2.67GHz
  Family: 6, Model: 14, Stepping: 5
  FPU: On-Chip
  Features: SSE, SSE2, SSE3, SSE4.2
  Serial number not present or disabled
 
<20:37:39> creating CVarGroups from directory 'assets/Config/CVarGroups' ...
<20:37:39> creating CVarGroups from directory 'Config/CVarGroups' ...
<20:37:39> Loading Config file Config/CVarGroups/sys_spec_full.cfg (c:\program files (x86)\crytek\cryengine launcher\crytek\cryengine_5.4\engine\config\cvargroups\sys_spec_full.cfg)
<20:37:39> Loading Config file Config/CVarGroups/sys_spec_gameeffects.cfg (c:\program files (x86)\crytek\cryengine launcher\crytek\cryengine_5.4\engine\config\cvargroups\sys_spec_gameeffects.cfg)
<20:37:39> Loading Config file Config/CVarGroups/sys_spec_light.cfg (c:\program files (x86)\crytek\cryengine launcher\crytek\cryengine_5.4\engine\config\cvargroups\sys_spec_light.cfg)
<20:37:39> Loading Config file Config/CVarGroups/sys_spec_objectdetail.cfg (c:\program files (x86)\crytek\cryengine launcher\crytek\cryengine_5.4\engine\config\cvargroups\sys_spec_objectdetail.cfg)
<20:37:39> Loading Config file Config/CVarGroups/sys_spec_particles.cfg (c:\program files (x86)\crytek\cryengine launcher\crytek\cryengine_5.4\engine\config\cvargroups\sys_spec_particles.cfg)
<20:37:39> Loading Config file Config/CVarGroups/sys_spec_physics.cfg (c:\program files (x86)\crytek\cryengine launcher\crytek\cryengine_5.4\engine\config\cvargroups\sys_spec_physics.cfg)
<20:37:39> Loading Config file Config/CVarGroups/sys_spec_postprocessing.cfg (c:\program files (x86)\crytek\cryengine launcher\crytek\cryengine_5.4\engine\config\cvargroups\sys_spec_postprocessing.cfg)
<20:37:39> Loading Config file Config/CVarGroups/sys_spec_quality.cfg (c:\program files (x86)\crytek\cryengine launcher\crytek\cryengine_5.4\engine\config\cvargroups\sys_spec_quality.cfg)
<20:37:39> Loading Config file Config/CVarGroups/sys_spec_shading.cfg (c:\program files (x86)\crytek\cryengine launcher\crytek\cryengine_5.4\engine\config\cvargroups\sys_spec_shading.cfg)
<20:37:39> Loading Config file Config/CVarGroups/sys_spec_shadows.cfg (c:\program files (x86)\crytek\cryengine launcher\crytek\cryengine_5.4\engine\config\cvargroups\sys_spec_shadows.cfg)
<20:37:39> Loading Config file Config/CVarGroups/sys_spec_sound.cfg (c:\program files (x86)\crytek\cryengine launcher\crytek\cryengine_5.4\engine\config\cvargroups\sys_spec_sound.cfg)
<20:37:39> Loading Config file Config/CVarGroups/sys_spec_texture.cfg (c:\program files (x86)\crytek\cryengine launcher\crytek\cryengine_5.4\engine\config\cvargroups\sys_spec_texture.cfg)
<20:37:39> Loading Config file Config/CVarGroups/sys_spec_textureresolution.cfg (c:\program files (x86)\crytek\cryengine launcher\crytek\cryengine_5.4\engine\config\cvargroups\sys_spec_textureresolution.cfg)
<20:37:39> Loading Config file Config/CVarGroups/sys_spec_volumetriceffects.cfg (c:\program files (x86)\crytek\cryengine launcher\crytek\cryengine_5.4\engine\config\cvargroups\sys_spec_volumetriceffects.cfg)
<20:37:39> Loading Config file Config/CVarGroups/sys_spec_water.cfg (c:\program files (x86)\crytek\cryengine launcher\crytek\cryengine_5.4\engine\config\cvargroups\sys_spec_water.cfg)
<20:37:39> [Warning] <ThreadConfigInfo>: Active platform identifier string "pc" not found in config "%engine%/config/engine_core.thread_config".
<20:37:39> [Warning] <ThreadConfigInfo>: Active platform identifier string "pc" not found in config "%engine%/config/engine_sandbox.thread_config".
<20:37:39> Windows 10 64 bit (build 10.0.15063)
<20:37:39> User name: "XTC"
<20:37:39> System language: German
<20:37:39> Windows Directory: "C:\WINDOWS"
<20:37:39> Local time is 20:37:39 10/18/17, system running for 10182 minutes
<20:37:39> 16376MB physical memory installed, 11500MB available, 134217727MB virtual memory installed, 29 percent of memory in use
<20:37:39> PageFile usage: 52MB, Working Set: 65MB, Peak PageFile usage: 52MB,
<20:37:39> Current display mode is 1920x1080x32, (Unknown graphics card)
<20:37:39> IBM enhanced (101/102-key) keyboard and 16+ button mouse installed
<20:37:39> --------------------------------------------------------------------------------
<20:37:39> [Warning] Config file %USER%/game.cfg not found!
<20:37:39> Loading Config file system.cfg (c:\program files (x86)\crytek\cryengine launcher\crytek\cryengine_5.4\system.cfg)
<20:37:39> [Warning] Config file user.cfg not found!
<20:37:39> Stream Engine Initialization
<20:37:39> BuildTime: Sep 20 2017 16:39:13
<20:37:39> Physics initialization
<20:37:39> Loading Module CryPhysics.dll...
<20:37:39> Initializing CryPhysics done, MemUsage=960Kb
<20:37:39> [Warning] Cannot open Pak file assets\localization\english_xml.pak
<20:37:39> Localized language content(english) not available or modified from the original installation.
<20:37:39> [Warning] Cannot open Pak file assets\localization\english.pak
<20:37:39> Localized language content(english) not available or modified from the original installation.
<20:37:39> [Warning] Cannot open Pak file assets\localization\english.pak
<20:37:39> Localized language content(english) not available or modified from the original installation.
<20:37:39> [Error] <Localization> No localization files found!
<20:37:39> <Audio>: AudioSystem initialization
<20:37:39> Loading Module CryAudioSystem.dll...
<20:37:40> <Audio> <0.936>: CryAudioImplSDLMixer loaded
<20:37:40> Initializing CryAudioSystem done, MemUsage=9492Kb
<20:37:40> Renderer initialization
<20:37:40> Logging video adapters:
<20:37:40> - NVIDIA GeForce GTX 770 (vendor = 0x10de, device = 0x1184)
<20:37:40>   - Adapter index: 0
<20:37:40>   - Dedicated video memory: 4063 MB
<20:37:40>   - Feature level: D3D 11_0 (SM 5.0)
<20:37:40>   - Displays connected: yes
<20:37:40>   - Suitable rendering device: yes
<20:37:40> - Microsoft Basic Render Driver (vendor = 0x1414, device = 0x008c)
<20:37:40>   - Adapter index: 1
<20:37:40>   - Dedicated video memory: 0 MB
<20:37:40>   - Feature level: D3D 11_1 (SM 5.x)
<20:37:40>   - Displays connected: no
<20:37:40>   - Suitable rendering device: no
<20:37:40> Loading Module CryRenderD3D11.dll...
<20:37:40> CRenderer sizeof(Vec2f16)=4 sizeof(Vec3f16)=8
<20:37:40> Initializing CryRenderD3D11 done, MemUsage=3512Kb
<20:37:40> Initializing Direct3D and creating game window:
<20:37:40> Direct3D driver is creating...
<20:37:40> Crytek Direct3D driver version 3.00 (Sep 20 2017 <16:40:13>)
<20:37:40> Creating window called 'Hyphearia' (1280x678)
<20:37:40> D3D Adapter: Description: NVIDIA GeForce GTX 770
<20:37:40> D3D Adapter: Driver version (UMD): 0.00.00.0000
<20:37:40> D3D Adapter: VendorId = 0x10DE
<20:37:40> D3D Adapter: DeviceId = 0x1184
<20:37:40> D3D Adapter: SubSysId = 0x118410B0
<20:37:40> D3D Adapter: Revision = 161
<20:37:40> NVAPI: API init ok (0)
<20:37:40> NVAPI: Single GPU system
<20:37:40> NVDBT supported
<20:37:40> D3D Detected: NVIDIA video card
<20:37:40> Active GPUs: 1
<20:37:40> Using pixel texture formats:
<20:37:40>   R8G8B8A8S, mips, RT (blendable) (multi-sampled), sample, gather
<20:37:40>   R8G8B8A8, mips, sRGB, RT (blendable) (multi-sampled), sample, gather
<20:37:40>   A8, mips, RT (blendable) (multi-sampled), sample, gather
<20:37:40>   R8, mips, RT (blendable) (multi-sampled), sample, gather
<20:37:40>   R8S, mips, RT (blendable) (multi-sampled), sample, gather
<20:37:40>   R16, mips, RT (blendable) (multi-sampled), sample (comparable), gather (comparable)
<20:37:40>   R16S, mips, RT (blendable) (multi-sampled), sample, gather
<20:37:40>   R16F, mips, RT (blendable) (multi-sampled), sample, gather
<20:37:40>   R32F, mips, RT (blendable) (multi-sampled), sample (comparable), gather (comparable)
<20:37:40>   R8G8, mips, RT (blendable) (multi-sampled), sample, gather
<20:37:40>   R8G8S, mips, RT (blendable) (multi-sampled), sample, gather
<20:37:40>   R16G16, mips, RT (blendable) (multi-sampled), sample, gather
<20:37:40>   R16G16S, mips, RT (blendable) (multi-sampled), sample, gather
<20:37:40>   R16G16F, mips, RT (blendable) (multi-sampled), sample, gather
<20:37:40>   R32G32F, mips, RT (blendable) (multi-sampled), sample, gather
<20:37:40>   R11G11B10F, mips, RT (blendable) (multi-sampled), sample, gather
<20:37:40>   R10G10B10A2, mips, RT (blendable) (multi-sampled), sample, gather
<20:37:40>   R16G16B16A16, mips, RT (blendable) (multi-sampled), sample, gather
<20:37:40>   R16G16B16A16S, mips, RT (blendable) (multi-sampled), sample, gather
<20:37:40>   R16G16B16A16F, mips, RT (blendable) (multi-sampled), sample, gather
<20:37:40>   R32G32B32A32F, mips, RT (blendable) (multi-sampled), sample, gather
<20:37:40>   BC1, mips, sRGB, sample, gather
<20:37:40>   BC2, mips, sRGB, sample, gather
<20:37:40>   BC3, mips, sRGB, sample, gather
<20:37:40>   BC4, mips, sample, gather
<20:37:40>   BC4S, mips, sample, gather
<20:37:40>   BC5, mips, sample, gather
<20:37:40>   BC5S, mips, sample, gather
<20:37:40>   BC6UH, mips, sample, gather
<20:37:40>   BC6SH, mips, sample, gather
<20:37:40>   BC7, mips, sRGB, sample, gather
<20:37:40>   R9G9B9E5, mips, sample, gather
<20:37:40>   D32FS8 (R32G8T), mips, DS (multi-sampled)
<20:37:40>   D32F (R32T), mips, DS (multi-sampled)
<20:37:40>   D24S8 (R24G8T), mips, DS (multi-sampled)
<20:37:40>   D16 (R16T), mips, DS (multi-sampled)
<20:37:40>   B5G6R5, mips, RT (blendable) (multi-sampled), sample, gather
<20:37:40>   B5G5R5, mips, RT (blendable) (multi-sampled), sample, gather
<20:37:40>   B4G4R4A4, mips, sample, gather
<20:37:40>   B8G8R8A8, mips, sRGB, RT (blendable) (multi-sampled), sample, gather
<20:37:40>   B8G8R8X8, mips, sRGB, RT (blendable) (multi-sampled), sample, gather
<20:37:40>  Renderer DepthBits: 24
<20:37:40>  ****** CryRender InfoDump ******
<20:37:40>  Driver description: NVIDIA GeForce GTX 770
<20:37:40>  API Version: Direct3D 11.0
<20:37:40>  Feature level: D3D 11_0
<20:37:40>  Vertex Shaders version 5.0
<20:37:40>  Pixel Shaders version 5.0
<20:37:40>  Full stats: 
<20:37:40>  Rasterizer: Hardware
<20:37:40>  Current Resolution: 1280x678x32 Windowed
<20:37:40>  HDR Rendering: FP16
<20:37:40>  Occlusion queries: Supported
<20:37:40>  Geometry instancing: Supported
<20:37:40>  NormalMaps compression : Supported
<20:37:40>  Gamma control: Hardware
<20:37:40>  Used GeomInstancingThreshold is 8
<20:37:40>  Shader model usage: 'SM.5.0'
<20:37:40>  *****************************************
<20:37:40>  
<20:37:40> Init Shaders
<20:37:40> Flushing pended shaders...
<20:37:40> Finished flushing pended shaders...
<20:37:40> Flushing pended shaders...
<20:37:40> Finished flushing pended shaders...
<20:37:40>  General shader quality: Medium
<20:37:40>  Metal shader quality: Medium
<20:37:40>  Glass shader quality: Medium
<20:37:40>  Vegetation shader quality: Medium
<20:37:40>  Ice shader quality: Medium
<20:37:40>  Terrain shader quality: Medium
<20:37:40>  Shadow shader quality: Medium
<20:37:40>  Water shader quality: Medium
<20:37:40>  FX shader quality: Medium
<20:37:40>  PostProcess shader quality: Medium
<20:37:40>  HDR shader quality: Medium
<20:37:40>  Sky shader quality: Medium
<20:37:40> Render quality: VeryHigh
<20:37:40> Allocate render buffer for particles (16384 verts, 49152 tris)...
<20:37:40> Init textures management (4063 Mb of video memory is available)...
<20:37:40>   Enabling of textures streaming...
<20:37:40>   Using 1536 Mb of textures pool for streaming...
<20:37:40>   Video textures: Atlas clouds max size: 32 Mb
<20:37:40>   Video textures: Atlas sprites max size: 32 Mb
<20:37:40>   Video textures: Dynamic managed max size: 48 Mb
<20:37:40>   Reloading all textures...
<20:37:40>   Finished reloading textures...
<20:37:40>   Finished initializing textures streaming...
<20:37:45> Initialized hardware mouse (game is allowed to confine mouse to window)
<20:37:45> CryMonoBridge initialization
<20:37:45> Loading Module CryMonoBridge.dll...
<20:37:45> [Mono] Initialize Mono Runtime . . . 
<20:37:45> [Mono] Debugger server active on port: 17615
<20:37:45> [Mono] Initialization done.
<20:37:45> Initializing CryMonoBridge done, MemUsage=5944Kb
<20:37:45> Loading plug-in CryDefaultEntities
<20:37:45> Loading plug-in CrySensorSystem
<20:37:45> Loading plug-in CryPerceptionSystem
<20:37:45> Loading plug-in bin/win_x64/Game.dll
<20:37:45> Loading plug-in CryUserAnalytics
<20:37:45> Initializing CryScaleformHelper done, MemUsage=4Kb
<20:37:45> Using Scaleform GFx 3.3.94
<20:37:45>   Using dynamic pool
<20:37:45> Font initialization
<20:37:45> Loading Module CryFont.dll...
<20:37:45> Using FreeType 2.5.5
<20:37:45> Initializing CryFont done, MemUsage=308Kb
<20:37:46> *** Init system render resources ***
<20:37:46> Allocate render buffer for particles (16384 verts, 49152 tris)...
<20:37:47> Network initialization
<20:37:47> Loading Module CryNetwork.dll...
<20:37:47> [LagProfiles] Could not load "". 6 default profiles activated.
<20:37:47> [net] Socket IO management: External [iocp], Internal [iocp]
<20:37:47> network hostname: DESKTOP-1GUDER2
<20:37:47>   ip:192.168.2.102
<20:37:47> [Network Version]: PROFILE DEVELOPMENT BUILD
<20:37:47> Initializing CryNetwork done, MemUsage=2604Kb
<20:37:47> MovieSystem initialization
<20:37:47> Loading Module CryMovie.dll...
<20:37:47> Initializing CryMovie done, MemUsage=648Kb
<20:37:47> Console initialization
<20:37:47> Time initialization
<20:37:47> Input initialization
<20:37:47> Loading Module CryInput.dll...
<20:37:47> Initializing DirectInput
<20:37:47> Initializing Keyboard
<20:37:47> Input locale changed to 00000407
<20:37:47> Initializing mouse
<20:37:47> Initializing CryInput done, MemUsage=952Kb
<20:37:47>  
<20:37:47> con_debug=0 [  ]
<20:37:47> con_display_last_messages=0 [  ]
<20:37:47> con_line_buffer_size=1000 [  ]
<20:37:47> con_restricted=0 [ RESTRICTEDMODE ]
<20:37:47> con_showonload=0 [  ]
<20:37:47>  
<20:37:47> con_debug=0 [  ]
<20:37:47> con_display_last_messages=0 [  ]
<20:37:47> con_line_buffer_size=1000 [  ]
<20:37:47> con_restricted=0 [ RESTRICTEDMODE ]
<20:37:47> con_showonload=0 [  ]
<20:37:47>  
<20:37:47> con_debug=0 [  ]
<20:37:47>  
<20:37:47> con_debug=0 [  ]
<20:37:47> Initializing Animation System
<20:37:47> Loading Module CryAnimation.dll...
<20:37:47> Initializing CryAnimation done, MemUsage=2324Kb
<20:37:47> Initializing 3D Engine
<20:37:47> Loading Module Cry3DEngine.dll...
<20:37:47> Sky light: Optical lookup tables loaded off disc.
<20:37:47> Initializing Cry3DEngine done, MemUsage=3172Kb
<20:37:47> Script System Initialization
<20:37:47> Loading Module CryScriptSystem.dll...
<20:37:47> [Warning] [Lua Error] Failed to load script file scripts/common.lua
<20:37:47> Initializing CryScriptSystem done, MemUsage=732Kb
<20:37:47> Schematyc initialization
<20:37:47> Loading Module CrySchematyc.dll...
<20:37:47> Initializing CrySchematyc done, MemUsage=2016Kb
<20:37:47> Entity system initialization
<20:37:47> Loading Module CryEntitySystem.dll...
<20:37:47> Initializing CryEntitySystem done, MemUsage=2344Kb
<20:37:47> LiveCreate initialization
<20:37:47> LiveCreateHost not created, using NULL implementation.
<20:37:47> Dynamic Response System initialization
<20:37:47> Loading Module CryDynamicResponseSystem.dll...
<20:37:47> Initializing CryDynamicResponseSystem done, MemUsage=664Kb
<20:37:47> Loading Module CryFlowGraph.dll...
<20:37:47> Successfully registered flownode 'AI:PerceptionState'
<20:37:47> Successfully registered flownode 'AI:EventListener'
<20:37:47> Initializing CryFlowGraph done, MemUsage=976Kb
<20:37:47> AI initialization
<20:37:47> Loading Module CryAISystem.dll...
<20:37:47> Initializing CryAISystem done, MemUsage=1696Kb
<20:37:47> Initializing AI System
<20:37:47> AI: [AISYSTEM] Initialization started.
<20:37:47> [Warning] XML reader: Can't open file (Scripts/AI/Communication/CommunicationSystemConfiguration.xml)
<20:37:47> [Warning] AI: Failed to open XML file 'Scripts/AI/Communication/CommunicationSystemConfiguration.xml'...
<20:37:47> [Warning] XML reader: Can't open file (Scripts/AI/lookup.xml)
<20:37:47> [Warning] [Lua Error] Failed to load script file scripts/ai/aiconfig.lua
<20:37:47> Registering CentralInterestManager with EntitySystem
<20:37:47> [Warning] XML reader: Can't open file (Libs/AITargetStimulusConfig.xml)
<20:37:47> [Warning] AI: CTargetTrackManager::Init() Warning: Failed to load configuration file 'Libs/AITargetStimulusConfig.xml'
<20:37:47> AI: [AISYSTEM] Initialization finished.
<20:37:47> [Warning] XML reader: Can't open file (Scripts/AI/Cover.xml)
<20:37:47> [Warning] AI: Failed to open XML file 'Scripts/AI/Cover.xml'...
<20:37:47> [Warning] XML reader: Can't open file (Scripts/AI/Navigation.xml)
<20:37:47> [Warning] AI: Failed to open XML file 'Scripts/AI/Navigation.xml'...
<20:37:47> Initializing additional systems
<20:37:47> OnSysSpecChange(0)
<20:37:47> Loading Config file %ENGINEROOT%/editor.cfg (c:\program files (x86)\crytek\cryengine launcher\crytek\cryengine_5.4\editor.cfg)
<20:37:47> Flushing pended textures...
<20:37:47> Finished flushing pended textures...
<20:37:47> [Warning] XML reader: Can't open file (Libs/Levels/leveltypes.xml)
<20:37:47> [Warning] XML reader: Can't open file (Libs/FlowNodes/DialogFlowNodeBuffers.xml)
<20:37:47> [Warning] [Lua Error] Failed to load script file Scripts/Entities/Vehicles/VehicleSystem.lua
<20:37:47> [Warning] XML reader: Can't open file (Libs/Readability/Faces/Faces.xml)
<20:37:47> [Warning] XML reader: Can't open file (Libs/Config/Profiles/default/attributes.xml)
<20:37:47> [Warning] [PlayerProfiles] PlayerProfileImplFS: Cannot load XML file 'Libs/Config/Profiles/default/attributes.xml'
<20:37:47> [Warning] XML reader: Can't open file (Libs/Config/Profiles/default/actionmaps.xml)
<20:37:47> [Warning] [PlayerProfiles] PlayerProfileImplFS: Cannot load XML file 'Libs/Config/Profiles/default/actionmaps.xml'
<20:37:47> [Warning] CPlayerProfile::SerializeXML: No attributes tag 'Attributes' found
<20:37:47> [Warning] [PlayerProfiles] Cannot load factory default profile 'default'
<20:37:47> [Warning] [PlayerProfiles] CCryAction::Init: Cannot initialize PlayerProfileManager
<20:37:47> [Warning] XML reader: Can't open file (Scripts/Network/StatsConfig.xml)
<20:37:47> [Warning] [Lua Error] Failed to load script file Scripts/Entities/Vehicles/VehiclePartDetached.lua
<20:37:47> Ending game context...
<20:37:47> [Warning] XML reader: Can't open file (Libs/GameForceFeedback/ForceFeedbackEffects.xml)
<20:37:47> [Warning] [ForceFeedback System] Could not load force feedback system data. Invalid XML file 'Libs/GameForceFeedback/ForceFeedbackEffects.xml'! 
<20:37:47> Initializing default materials...
<20:37:48> [Warning] XML reader: Can't open file (materials/material_layers_default.mtl)
<20:37:48> [Warning] [Lua Error] Failed to load script file scripts/main.lua
<20:37:48> [Warning] [CScriptSystem::BeginCall] Function OnInit not found(check for syntax errors or if the file wasn't loaded)
<20:37:49> [Warning] Could not load dialog file assets\Libs\DynamicResponseSystem\DialogLines/dialoglines.dialog
<20:37:49> [Warning] XML reader: Can't open file (libs/materialeffects/materialeffects.xml)
<20:37:49> [Warning] [MFX] File not found or wrong file type: libs/materialeffects/materialeffects.xml
<20:37:49> [Schematyc]: Loading...
<20:37:49> [Schematyc]: Loading settings
<20:37:49> [Warning] XML reader: Can't open file (assets/cryschematycsettings/log_settings.sc_settings)
<20:37:49> [Schematyc]: Loading scripts
<20:37:49> [Schematyc]: Compiling scripts
<20:37:49> [Schematyc]: Loading complete
<20:37:49> [CONSOLE] Executing console command 'exec autoexec.cfg'
<20:37:49> Executing console batch file (try game,config,root): "autoexec.cfg" not found!
<20:37:49> Current Language: German 
<20:37:49> Windows 10 10.0 (C:\WINDOWS)
<20:37:49> Local time is 20:37:49 10/18/17, system running for 10182 minutes
<20:37:49> 16376MB phys. memory installed, 12019MB paging available
<20:37:49> Current display mode is 1920x1080x32, (Unknown graphics card)
<20:37:49> IBM enhanced (101/102-key) keyboard and 16+ button mouse installed
<20:37:49> --------------------------------------------------------------------------------
<20:37:49> Loading Config file singleplayer.cfg (c:\program files (x86)\crytek\cryengine launcher\crytek\cryengine_5.4\engine\config\singleplayer.cfg)
<20:37:49> [Warning] [Lua Error] Failed to load script file scripts/ai/pathfindProperties.lua
<20:37:49> AI: [AISYSTEM] Initializing AI Actions.
<20:37:49> AI: [AISYSTEM] Initializing Smart Objects.
<20:37:49> [Warning] XML reader: Can't open file (Libs/SmartObjects.xml)
<20:37:49> [Warning] XML reader: Can't open file (Libs/SmartObjects/Templates/SOTemplates.xml)
<20:37:49> Unloading all previous plugins
<20:37:49> Loading plugins...
<20:37:49> Successfully loaded plugin '3DConnexionDriver', version '1'
<20:37:49> Successfully loaded plugin 'CryDesigner', version '1'
<20:37:49> Successfully loaded plugin 'Dependency Graph Plugin', version '1'
<20:37:49> Successfully loaded plugin 'Sample Plugin', version '1'
<20:37:49> Successfully loaded plugin 'Editor Animation', version '1'
<20:37:49> Successfully loaded plugin 'Audio Controls Editor', version '1'
<20:37:50> Successfully loaded plugin 'Console', version '1'
<20:37:50> Successfully loaded plugin 'Dynamic Response System Editor', version '1'
<20:37:50> Successfully loaded plugin 'Environment Editor', version '1'
<20:37:50> Successfully loaded plugin 'EditorGameSDK', version '1'
<20:37:50> Successfully loaded plugin 'Particle Editor', version '1'
<20:37:50> [SchematycEditor]: Initializing...
<20:37:50> [SchematycEditor]: Fixing up script files
<20:37:50> [SchematycEditor]: Compiling script files
<20:37:50> [SchematycEditor]: Initialization complete
<20:37:50> Successfully loaded plugin 'Schematyc Plugin', version '1'
<20:37:50> Successfully loaded plugin 'EditorSubstance', version '1'
<20:37:50> Successfully loaded plugin 'TrackView', version '1'
<20:37:50> Successfully loaded plugin 'UQS Editor', version '1'
<20:37:50> Successfully loaded plugin 'UQS History', version '1'
<20:37:50> Successfully loaded plugin 'Sample Plugin', version '1'
<20:37:50> Successfully loaded plugin 'FBX Exporter', version '1'
<20:37:50> Successfully loaded plugin 'MeshImporter', version '1'
<20:37:50> Successfully loaded plugin 'Sandbox Python Bridge', version '0'
<20:37:50> Successfully loaded plugin 'Sample Plugin', version '1'
<20:37:50> Successfully loaded plugin 'Sample Plugin', version '1'
<20:37:50> Started game resource files indexing...
<20:37:50> OnSysSpecChange(2)
<20:37:50> Loading Config file %engine%/config/MedSpec.cfg (c:\program files (x86)\crytek\cryengine launcher\crytek\cryengine_5.4\engine\config\medspec.cfg)
<20:37:50> Allocating shadow map cache 6324 x 6324: 76.28 MB
<20:37:50> Allocating shadow map cache 4214 x 4214: 33.87 MB
<20:37:50> Loading Config file %ENGINEROOT%/editor.cfg (c:\program files (x86)\crytek\cryengine launcher\crytek\cryengine_5.4\editor.cfg)
<20:37:50> Flushing pended textures...
<20:37:50> Finished flushing pended textures...
<20:37:50> [CONSOLE] Executing console command 'exec editor.cfg'
<20:37:50> Executing console batch file (try game,config,root): "editor.cfg" found in %ENGINEROOT%/editor.cfg ...
<20:37:50> ca_UseIMG_CAF=0 [  ]
<20:37:50> drs_dialogSubtitles=1 [  ]
<20:37:50> general.run_file 'C:/Program Files (x86)/Crytek/CRYENGINE Launcher/Crytek/CRYENGINE_5.4/Editor/Python/plugins/crytools/startup.py'
<20:37:50> checking C:\Program Files (x86)\Crytek\CRYENGINE Launcher\Crytek\CRYENGINE_5.4\Tools\sandbox\init.py
<20:37:50> 
<20:37:50> Loading crytools from C:\Program Files (x86)\Crytek\CRYENGINE Launcher\Crytek\CRYENGINE_5.4\Tools\sandbox
<20:37:50> 
<20:37:50> sandbox_tools_pathC:\Program Files (x86)\Crytek\CRYENGINE Launcher\Crytek\CRYENGINE_5.4\Tools\sandbox
<20:37:50> 
<20:37:50> added C:\Program Files (x86)\Crytek\CRYENGINE Launcher\Crytek\CRYENGINE_5.4\Tools\python\lib\common
<20:37:50> 
<20:37:50> C:\Program Files (x86)\Crytek\CRYENGINE Launcher\Crytek\CRYENGINE_5.4\Tools\python\packages
<20:37:50> 
<20:37:51> added C:\Program Files (x86)\Crytek\CRYENGINE Launcher\Crytek\CRYENGINE_5.4\Tools\sandbox\lib\common
<20:37:51> 
<20:37:51> added C:\Program Files (x86)\Crytek\CRYENGINE Launcher\Crytek\CRYENGINE_5.4\Tools\sandbox\tools
<20:37:51> 
<20:37:51> Registered override path : C:\Program Files (x86)\Crytek\CRYENGINE Launcher\Crytek\CRYENGINE_5.4\Tools\sandbox\lib\override\common
<20:37:51> 
<20:37:52> Returned: 
<20:37:53> Adding for file change notifications: 'C:\Users\XTC\Documents\CRYENGINE Projects\assets\'
<20:37:53> CAIManager: navigation world monitor state: Stopped -> Started
<20:37:56> Remote console listening on: 4600
<20:38:17> Waiting for value WaitForAllowSendClientConnect
<20:38:37> Waiting for value WaitForAllowSendClientConnect
<20:38:49> general.new
<20:38:57> Waiting for value WaitForAllowSendClientConnect
<20:39:17> Waiting for value WaitForAllowSendClientConnect
<20:39:37> Waiting for value WaitForAllowSendClientConnect
<20:39:49> Creating level directory
<20:39:49> *** Start clearing render resources ***
<20:39:49> Flushing pended shaders...
<20:39:49> Finished flushing pended shaders...
<20:39:49> *** Clearing render resources took 2.3 msec ***
<20:39:49> Ending game context...
<20:39:49> Destroying CActionGame instance 00000228339229D0 (level="")
<20:39:49> SetGlobalState 0->1 'INIT'->'LEVEL_LOAD_PREPARE' 611113.9 seconds
<20:39:49> Loading Config file singleplayer.cfg (c:\program files (x86)\crytek\cryengine launcher\crytek\cryengine_5.4\engine\config\singleplayer.cfg)
<20:39:49> Preparing new document...
<20:39:49> CRGBLayer::AllocateTiles 2x2 tiles 512 => 1024x1024 texture
<20:39:49> allocating editor height map (1024x1024)*4
<20:39:49> CRGBLayer::AllocateTiles 1x1 tiles 512 => 512x512 texture
<20:39:49> allocating editor height map (1024x1024)*4
<20:39:49> Flushing pended textures...
<20:39:49> Finished flushing pended textures...
<20:39:49> Loading layer texture (%ENGINE%/engineassets/textures/grey.dds)...
<20:39:49> SetGlobalState 1->10 'LEVEL_LOAD_PREPARE'->'LEVEL_LOAD_END' 0.5 seconds
<20:39:49> File access time during level loading: 0.12 seconds
<20:39:49> SetGlobalState 10->9 'LEVEL_LOAD_END'->'LEVEL_LOAD_TEXTURES' 0.0 seconds
<20:39:49> -- Presort shaders by states...
<20:39:49> --- 6 Resources, 0 Resource groups.
<20:39:49> Requesting textures precache ...
<20:39:49> -- Precaching textures...
<20:39:49> Precaching progress: 2
<20:39:49> Precaching progress: 4
<20:39:49> Precaching progress: 6
<20:39:49> Precaching progress: 8
<20:39:49> Precaching textures done in 0.03 seconds
<20:39:49> Textures precache done.
<20:39:49> SetGlobalState 9->13 'LEVEL_LOAD_TEXTURES'->'RUNNING' 0.0 seconds
<20:39:49> CRGBLayer::AllocateTiles 1x1 tiles 512 => 512x512 texture
<20:39:49> allocating editor height map (1024x1024)*4
<20:39:49> Saving to assets/Levels/Hyphearia/Hyphearia.cry...
<20:39:49> Storing View settings...
<20:39:49> Storing Fog settings...
<20:39:49> Storing missions...<20:39:49> Done
<20:39:49> 0 shader combination loaded for level assets/Levels/Hyphearia
<20:39:49> Saving pak file assets\levels\hyphearia\hyphearia.tmp
<20:39:49> Storing surface types...
<20:39:49> Storing layer settings...
<20:39:49> Saving Vegetation Map...
<20:39:49> Level successfully saved
<20:39:49> Exporting terrain...
<20:39:49> Exporting merged meshes sectors...
<20:39:49> Exporting merged meshes list...
<20:39:49> Exporting indoors...
<20:39:49> Exporting LevelData.xml
<20:39:49> Storing surface types...
<20:39:49> Storing Collision Classes ...
<20:39:49> Exporting LevelData.xml done.
<20:39:49> Regenerating AI data!
<20:39:49> Validating SmartObjects
<20:39:49> AI: [AISYSTEM] Exporting Areas to assets/Levels/Hyphearia/\areasMission0.bai
<20:39:49> AI: [AISYSTEM] Finished Exporting data
<20:39:49> Exporting AI done.
<20:39:49> Exporting Game Data...
<20:39:49> Exporting Game Data done
<20:39:49> Export animation sequences...<20:39:49> Done.
<20:39:49> Exporting Brushes...<20:39:49> Done.
<20:39:49> 0 shader combination loaded for level assets/Levels/Hyphearia
<20:39:49> Exporting serialization list
<20:39:49> Exporting was successful.
<20:39:49> Loading map 'assets/Levels/Hyphearia' into engine...
<20:39:49> ===== Loading Particle Effects =====
<20:39:49> Loading terrain layers for segment 0 ...
<20:39:49> Loading RGB Layer Tile: TilePos=(0, 0) MemUsage=0.0MB
<20:39:49> Constructing 1365 terrain nodes (0.5 MB) <20:39:49>  done in 0.00 sec
<20:39:50> Exporting data to game (assets/Levels/Hyphearia/)...
<20:39:50> Exporting terrain texture.
<20:39:50> Generating terrain texture...
<20:39:50> Generation stats: 5 tiles(base: 256x256) = 0.63 MB
<20:39:50> * Building AO data took 0 seconds *
<20:39:50> Update terrain texture file...
<20:39:50> Terrain Texture Exported in 0 seconds.
<20:39:50> Exporting terrain...
<20:39:50> Exporting merged meshes sectors...
<20:39:50> Exporting merged meshes list...
<20:39:50> Exporting indoors...<20:39:50>  done in 0.00 sec
<20:39:50> Exporting LevelData.xml
<20:39:50> Storing surface types...
<20:39:50> Storing Collision Classes ...
<20:39:50> Exporting LevelData.xml done.
<20:39:50> Regenerating AI data!
<20:39:50> Validating SmartObjects
<20:39:50> AI: [AISYSTEM] Exporting Areas to assets/Levels/Hyphearia/\areasMission0.bai
<20:39:50> AI: [AISYSTEM] Finished Exporting data
<20:39:50> Exporting AI done.
<20:39:50> Exporting Game Data...
<20:39:50> Exporting Game Data done
<20:39:50> Export animation sequences...<20:39:50> Done.
<20:39:50> Exporting Brushes...<20:39:50> Done.
<20:39:50> 0 shader combination loaded for level assets/Levels/Hyphearia
<20:39:50> Exporting serialization list
<20:39:50> Loading map 'assets/Levels/Hyphearia' into engine...
<20:39:50> ===== Loading Particle Effects =====
<20:39:50> Exporting was successful.
<20:39:50> Returned: 
<20:39:50> Opening terrain\cover.ctc ...
<20:39:50>   TerrainLayer 0: TexFormat: BC3, SectorTextureSize: 256x256, SectorTextureDataSizeBytes: 65536
<20:39:50>   TerrainLayer 1: TexFormat: BC3, SectorTextureSize: 256x256, SectorTextureDataSizeBytes: 65536
<20:39:50>   RGB multiplier: 8, Texture indices: 21
<20:40:00> camera.toggle_speed_height_relative
<20:40:00> Returned: 
<21:00:36> ui_action.actionRotate
<21:00:36> Returned: 
<21:00:36> ui_action.actionRotate
<21:00:36> Returned: 
<21:00:37> ui_action.actionRotate
<21:00:37> Returned: 
<21:00:38> camera.toggle_terrain_collisions
<21:00:38> Returned: 
<21:00:39> camera.toggle_terrain_collisions
<21:00:39> Returned: 
<21:00:39> camera.toggle_terrain_collisions
<21:00:39> Returned: 
<21:00:39> camera.toggle_terrain_collisions
<21:00:39> Returned: 
<21:00:39> camera.toggle_terrain_collisions
<21:00:39> Returned: 
<21:00:39> camera.toggle_terrain_collisions
<21:00:39> Returned: 
<21:00:39> camera.toggle_terrain_collisions
<21:00:39> Returned: 
<21:00:40> camera.toggle_terrain_collisions
<21:00:40> Returned: 
<21:00:42> camera.toggle_terrain_collisions
<21:00:42> Returned: 
<21:00:44> camera.toggle_terrain_collisions
<21:00:44> Returned: 
<21:21:53> general.save_as
<21:21:59> Saving to assets/levels/Hyphearia/Hyphearia.cry...
<21:21:59> Storing View settings...
<21:21:59> Storing Fog settings...
<21:21:59> Storing missions...<21:21:59> Done
<21:21:59> 0 shader combination loaded for level assets/levels/Hyphearia
<21:21:59> Saving pak file assets\levels\hyphearia\hyphearia.tmp
<21:21:59> Storing surface types...
<21:21:59> Storing layer settings...
<21:21:59> Saving Vegetation Map...
<21:21:59> Level successfully saved
<21:21:59> Returned: 
<21:21:59> Opening terrain\cover.ctc ...
<21:21:59> Error opening terrain texture file: file not found (you might need to regenerate the surface texture)
<21:24:30> general.undo
<21:24:30> Undo (Undo:630,Redo:1)
<21:24:30> Returned: 
<22:00:45> general.save
<22:00:45> Saving to assets/levels/Hyphearia/Hyphearia.cry...
<22:00:45> Storing View settings...
<22:00:45> Storing Fog settings...
<22:00:45> Storing missions...<22:00:45> Done
<22:00:46> 0 shader combination loaded for level assets/levels/Hyphearia
<22:00:46> Saving pak file assets\levels\hyphearia\hyphearia.tmp
<22:00:46> Storing surface types...
<22:00:46> Storing layer settings...
<22:00:46> Saving Vegetation Map...
<22:00:46> Level successfully saved
<22:00:46> Returned: 
<22:00:50> *** Start clearing render resources ***
<22:00:50> Flushing pended shaders...
<22:00:50> Finished flushing pended shaders...
<22:00:50> *** Clearing render resources took 0.9 msec ***
<22:00:50> Ending game context...
<22:00:50> Destroying CActionGame instance 000002285CBCAAD0 (level="")
<22:00:50> CSystem::Quit invoked from thread 11872 (main is 11872)
<22:00:51> BaseInput - Shutting down all force feedback
<22:00:51> ActionGame - Shutting down all force feedback
<22:00:51> Flushing pended shaders...
<22:00:51> Finished flushing pended shaders...
<22:00:51> System:Quit
